# JRE version: OpenJDK Runtime Environment (8.0_152-b01) (build 1.8.0_152-release-915-b01)
# Java VM: OpenJDK 64-Bit Server VM (25.152-b01 mixed mode linux-amd64 compressed oops)
Heap:
 PSYoungGen      total 203776K, used 31742K [0x00000000e0000000, 0x00000000f0e00000, 0x0000000100000000)
  eden space 172032K, 0% used [0x00000000e0000000,0x00000000e0000000,0x00000000ea800000)
  from space 31744K, 99% used [0x00000000ea800000,0x00000000ec6ff818,0x00000000ec700000)
  to   space 27136K, 0% used [0x00000000ec700000,0x00000000ec700000,0x00000000ee180000)
 ParOldGen       total 101888K, used 49345K [0x00000000a0000000, 0x00000000a6380000, 0x00000000e0000000)
  object space 101888K, 48% used [0x00000000a0000000,0x00000000a3030450,0x00000000a6380000)
 Metaspace       used 63399K, capacity 65290K, committed 65536K, reserved 1105920K
  class space    used 8033K, capacity 8414K, committed 8448K, reserved 1048576K
GC Heap History (10 events):
Event: 113.094 GC heap after
Heap after GC invocations=13 (full 2):
 PSYoungGen      total 154112K, used 17405K [0x00000000e0000000, 0x00000000ec780000, 0x0000000100000000)
  eden space 136704K, 0% used [0x00000000e0000000,0x00000000e0000000,0x00000000e8580000)
  from space 17408K, 99% used [0x00000000e8580000,0x00000000e967f760,0x00000000e9680000)
  to   space 23552K, 0% used [0x00000000eb080000,0x00000000eb080000,0x00000000ec780000)
 ParOldGen       total 66048K, used 31114K [0x00000000a0000000, 0x00000000a4080000, 0x00000000e0000000)
  object space 66048K, 47% used [0x00000000a0000000,0x00000000a1e62998,0x00000000a4080000)
 Metaspace       used 53217K, capacity 55070K, committed 55296K, reserved 1097728K
  class space    used 7008K, capacity 7364K, committed 7424K, reserved 1048576K
}
Event: 155.059 GC heap before
{Heap before GC invocations=14 (full 2):
 PSYoungGen      total 154112K, used 131405K [0x00000000e0000000, 0x00000000ec780000, 0x0000000100000000)
  eden space 136704K, 83% used [0x00000000e0000000,0x00000000e6f54020,0x00000000e8580000)
  from space 17408K, 99% used [0x00000000e8580000,0x00000000e967f760,0x00000000e9680000)
  to   space 23552K, 0% used [0x00000000eb080000,0x00000000eb080000,0x00000000ec780000)
 ParOldGen       total 66048K, used 31114K [0x00000000a0000000, 0x00000000a4080000, 0x00000000e0000000)
  object space 66048K, 47% used [0x00000000a0000000,0x00000000a1e62998,0x00000000a4080000)
 Metaspace       used 57176K, capacity 59048K, committed 59136K, reserved 1099776K
  class space    used 7545K, capacity 7909K, committed 7936K, reserved 1048576K
Event: 155.341 GC heap after
Heap after GC invocations=14 (full 2):
 PSYoungGen      total 177152K, used 23085K [0x00000000e0000000, 0x00000000ecd80000, 0x0000000100000000)
  eden space 153600K, 0% used [0x00000000e0000000,0x00000000e0000000,0x00000000e9600000)
  from space 23552K, 98% used [0x00000000eb080000,0x00000000ec70b760,0x00000000ec780000)
  to   space 27136K, 0% used [0x00000000e9600000,0x00000000e9600000,0x00000000eb080000)
 ParOldGen       total 66048K, used 31114K [0x00000000a0000000, 0x00000000a4080000, 0x00000000e0000000)
  object space 66048K, 47% used [0x00000000a0000000,0x00000000a1e62998,0x00000000a4080000)
 Metaspace       used 57176K, capacity 59048K, committed 59136K, reserved 1099776K
  class space    used 7545K, capacity 7909K, committed 7936K, reserved 1048576K
}
Event: 155.346 GC heap before
{Heap before GC invocations=15 (full 3):
 PSYoungGen      total 177152K, used 23085K [0x00000000e0000000, 0x00000000ecd80000, 0x0000000100000000)
  eden space 153600K, 0% used [0x00000000e0000000,0x00000000e0000000,0x00000000e9600000)
  from space 23552K, 98% used [0x00000000eb080000,0x00000000ec70b760,0x00000000ec780000)
  to   space 27136K, 0% used [0x00000000e9600000,0x00000000e9600000,0x00000000eb080000)
 ParOldGen       total 66048K, used 31114K [0x00000000a0000000, 0x00000000a4080000, 0x00000000e0000000)
  object space 66048K, 47% used [0x00000000a0000000,0x00000000a1e62998,0x00000000a4080000)
 Metaspace       used 57176K, capacity 59048K, committed 59136K, reserved 1099776K
  class space    used 7545K, capacity 7909K, committed 7936K, reserved 1048576K
Event: 155.553 GC heap after
Heap after GC invocations=15 (full 3):
 PSYoungGen      total 177152K, used 0K [0x00000000e0000000, 0x00000000ecd80000, 0x0000000100000000)
  eden space 153600K, 0% used [0x00000000e0000000,0x00000000e0000000,0x00000000e9600000)
  from space 23552K, 0% used [0x00000000eb080000,0x00000000eb080000,0x00000000ec780000)
  to   space 27136K, 0% used [0x00000000e9600000,0x00000000e9600000,0x00000000eb080000)
 ParOldGen       total 101888K, used 32596K [0x00000000a0000000, 0x00000000a6380000, 0x00000000e0000000)
  object space 101888K, 31% used [0x00000000a0000000,0x00000000a1fd51c0,0x00000000a6380000)
 Metaspace       used 57174K, capacity 59042K, committed 59136K, reserved 1099776K
  class space    used 7545K, capacity 7908K, committed 7936K, reserved 1048576K
}
Event: 242.033 GC heap before
{Heap before GC invocations=16 (full 3):
 PSYoungGen      total 177152K, used 153600K [0x00000000e0000000, 0x00000000ecd80000, 0x0000000100000000)
  eden space 153600K, 100% used [0x00000000e0000000,0x00000000e9600000,0x00000000e9600000)
  from space 23552K, 0% used [0x00000000eb080000,0x00000000eb080000,0x00000000ec780000)
  to   space 27136K, 0% used [0x00000000e9600000,0x00000000e9600000,0x00000000eb080000)
 ParOldGen       total 101888K, used 32596K [0x00000000a0000000, 0x00000000a6380000, 0x00000000e0000000)
  object space 101888K, 31% used [0x00000000a0000000,0x00000000a1fd51c0,0x00000000a6380000)
 Metaspace       used 60310K, capacity 62178K, committed 62464K, reserved 1103872K
  class space    used 7740K, capacity 8100K, committed 8192K, reserved 1048576K
Event: 242.068 GC heap after
Heap after GC invocations=16 (full 3):
 PSYoungGen      total 180736K, used 14863K [0x00000000e0000000, 0x00000000ee180000, 0x0000000100000000)
  eden space 153600K, 0% used [0x00000000e0000000,0x00000000e0000000,0x00000000e9600000)
  from space 27136K, 54% used [0x00000000e9600000,0x00000000ea483e90,0x00000000eb080000)
  to   space 27136K, 0% used [0x00000000ec700000,0x00000000ec700000,0x00000000ee180000)
 ParOldGen       total 101888K, used 32604K [0x00000000a0000000, 0x00000000a6380000, 0x00000000e0000000)
  object space 101888K, 32% used [0x00000000a0000000,0x00000000a1fd71c0,0x00000000a6380000)
 Metaspace       used 60310K, capacity 62178K, committed 62464K, reserved 1103872K
  class space    used 7740K, capacity 8100K, committed 8192K, reserved 1048576K
}
Event: 253.680 GC heap before
{Heap before GC invocations=17 (full 3):
 PSYoungGen      total 180736K, used 168463K [0x00000000e0000000, 0x00000000ee180000, 0x0000000100000000)
  eden space 153600K, 100% used [0x00000000e0000000,0x00000000e9600000,0x00000000e9600000)
  from space 27136K, 54% used [0x00000000e9600000,0x00000000ea483e90,0x00000000eb080000)
  to   space 27136K, 0% used [0x00000000ec700000,0x00000000ec700000,0x00000000ee180000)
 ParOldGen       total 101888K, used 32604K [0x00000000a0000000, 0x00000000a6380000, 0x00000000e0000000)
  object space 101888K, 32% used [0x00000000a0000000,0x00000000a1fd71c0,0x00000000a6380000)
 Metaspace       used 63062K, capacity 64970K, committed 65024K, reserved 1105920K
  class space    used 8029K, capacity 8414K, committed 8448K, reserved 1048576K
Event: 256.216 GC heap after
Heap after GC invocations=17 (full 3):
 PSYoungGen      total 199168K, used 27129K [0x00000000e0000000, 0x00000000f0e00000, 0x0000000100000000)
  eden space 172032K, 0% used [0x00000000e0000000,0x00000000e0000000,0x00000000ea800000)
  from space 27136K, 99% used [0x00000000ec700000,0x00000000ee17e418,0x00000000ee180000)
  to   space 31744K, 0% used [0x00000000ea800000,0x00000000ea800000,0x00000000ec700000)
 ParOldGen       total 101888K, used 34887K [0x00000000a0000000, 0x00000000a6380000, 0x00000000e0000000)
  object space 101888K, 34% used [0x00000000a0000000,0x00000000a2211e00,0x00000000a6380000)
 Metaspace       used 63062K, capacity 64970K, committed 65024K, reserved 1105920K
  class space    used 8029K, capacity 8414K, committed 8448K, reserved 1048576K
}
Event: 258.324 GC heap before
{Heap before GC invocations=18 (full 3):
 PSYoungGen      total 199168K, used 199161K [0x00000000e0000000, 0x00000000f0e00000, 0x0000000100000000)
  eden space 172032K, 100% used [0x00000000e0000000,0x00000000ea800000,0x00000000ea800000)
  from space 27136K, 99% used [0x00000000ec700000,0x00000000ee17e418,0x00000000ee180000)
  to   space 31744K, 0% used [0x00000000ea800000,0x00000000ea800000,0x00000000ec700000)
 ParOldGen       total 101888K, used 34887K [0x00000000a0000000, 0x00000000a6380000, 0x00000000e0000000)
  object space 101888K, 34% used [0x00000000a0000000,0x00000000a2211e00,0x00000000a6380000)
 Metaspace       used 63399K, capacity 65290K, committed 65536K, reserved 1105920K
  class space    used 8033K, capacity 8414K, committed 8448K, reserved 1048576K

